<?xml version="1.0" encoding="UTF-8"?>
<coverage generated="1756257256303" clover="3.2.0">
  <project timestamp="1756257256303" name="All files">
    <metrics statements="27" coveredstatements="25" conditionals="12" coveredconditionals="12" methods="10" coveredmethods="8" elements="49" coveredelements="45" complexity="0" loc="27" ncloc="27" packages="1" files="2" classes="2"/>
    <file name="biblioteca.model.js" path="C:\Users\gabriel.affarias\Documents\uc11\05-sistema-biblioteca-teste-integracao\src\biblioteca.model.js">
      <metrics statements="10" coveredstatements="9" conditionals="2" coveredconditionals="2" methods="6" coveredmethods="5"/>
      <line num="1" count="1" type="stmt"/>
      <line num="18" count="4" type="stmt"/>
      <line num="26" count="4" type="stmt"/>
      <line num="28" count="4" type="stmt"/>
      <line num="32" count="0" type="stmt"/>
      <line num="36" count="1" type="stmt"/>
      <line num="38" count="1" type="stmt"/>
      <line num="42" count="1" type="stmt"/>
      <line num="44" count="1" type="stmt"/>
      <line num="47" count="1" type="stmt"/>
    </file>
    <file name="biblioteca.service.js" path="C:\Users\gabriel.affarias\Documents\uc11\05-sistema-biblioteca-teste-integracao\src\biblioteca.service.js">
      <metrics statements="17" coveredstatements="16" conditionals="10" coveredconditionals="10" methods="4" coveredmethods="3"/>
      <line num="2" count="1" type="stmt"/>
      <line num="6" count="9" type="cond" truecount="2" falsecount="0"/>
      <line num="7" count="1" type="stmt"/>
      <line num="11" count="8" type="cond" truecount="2" falsecount="0"/>
      <line num="12" count="2" type="stmt"/>
      <line num="16" count="6" type="cond" truecount="2" falsecount="0"/>
      <line num="17" count="2" type="stmt"/>
      <line num="20" count="4" type="stmt"/>
      <line num="22" count="4" type="stmt"/>
      <line num="26" count="0" type="stmt"/>
      <line num="30" count="2" type="cond" truecount="2" falsecount="0"/>
      <line num="31" count="1" type="stmt"/>
      <line num="34" count="1" type="stmt"/>
      <line num="38" count="2" type="cond" truecount="2" falsecount="0"/>
      <line num="39" count="1" type="stmt"/>
      <line num="42" count="1" type="stmt"/>
      <line num="45" count="1" type="stmt"/>
    </file>
  </project>
</coverage>
