{"C:\\Users\\gabriel.affarias\\Documents\\uc11\\05-sistema-biblioteca-teste-integracao\\src\\biblioteca.model.js": {"path":"C:\\Users\\gabriel.affarias\\Documents\\uc11\\05-sistema-biblioteca-teste-integracao\\src\\biblioteca.model.js","statementMap":{"0":{"start":{"line":1,"column":15},"end":{"line":1,"column":17}},"1":{"start":{"line":4,"column":21},"end":{"line":10,"column":5}},"2":{"start":{"line":11,"column":4},"end":{"line":11,"column":26}},"3":{"start":{"line":12,"column":4},"end":{"line":12,"column":10}},"4":{"start":{"line":16,"column":4},"end":{"line":16,"column":17}},"5":{"start":{"line":20,"column":25},"end":{"line":20,"column":68}},"6":{"start":{"line":20,"column":48},"end":{"line":20,"column":67}},"7":{"start":{"line":22,"column":4},"end":{"line":22,"column":23}},"8":{"start":{"line":27,"column":25},"end":{"line":27,"column":68}},"9":{"start":{"line":27,"column":48},"end":{"line":27,"column":67}},"10":{"start":{"line":29,"column":4},"end":{"line":29,"column":23}},"11":{"start":{"line":32,"column":0},"end":{"line":38,"column":1}}},"fnMap":{"0":{"name":"criarLivro","decl":{"start":{"line":3,"column":9},"end":{"line":3,"column":19}},"loc":{"start":{"line":3,"column":59},"end":{"line":13,"column":1}},"line":3},"1":{"name":"listarTodosLivros","decl":{"start":{"line":15,"column":9},"end":{"line":15,"column":26}},"loc":{"start":{"line":15,"column":29},"end":{"line":17,"column":1}},"line":15},"2":{"name":"buscarLivroPorNome","decl":{"start":{"line":19,"column":9},"end":{"line":19,"column":27}},"loc":{"start":{"line":19,"column":35},"end":{"line":23,"column":1}},"line":19},"3":{"name":"(anonymous_3)","decl":{"start":{"line":20,"column":37},"end":{"line":20,"column":38}},"loc":{"start":{"line":20,"column":48},"end":{"line":20,"column":67}},"line":20},"4":{"name":"buscarLivroPorCategoria","decl":{"start":{"line":26,"column":9},"end":{"line":26,"column":32}},"loc":{"start":{"line":26,"column":44},"end":{"line":30,"column":1}},"line":26},"5":{"name":"(anonymous_5)","decl":{"start":{"line":27,"column":37},"end":{"line":27,"column":38}},"loc":{"start":{"line":27,"column":48},"end":{"line":27,"column":67}},"line":27}},"branchMap":{"0":{"loc":{"start":{"line":9,"column":18},"end":{"line":9,"column":38}},"type":"binary-expr","locations":[{"start":{"line":9,"column":18},"end":{"line":9,"column":27}},{"start":{"line":9,"column":31},"end":{"line":9,"column":38}}],"line":9}},"s":{"0":1,"1":0,"2":0,"3":0,"4":0,"5":0,"6":0,"7":0,"8":0,"9":0,"10":0,"11":1},"f":{"0":0,"1":0,"2":0,"3":0,"4":0,"5":0},"b":{"0":[0,0]},"_coverageSchema":"1a1c01bbd47fc00a2c39e90264f33305004495a9","hash":"a4e6803b9d0ee69b7325910da51923b3aebff60e"}
,"C:\\Users\\gabriel.affarias\\Documents\\uc11\\05-sistema-biblioteca-teste-integracao\\src\\biblioteca.service.js": {"path":"C:\\Users\\gabriel.affarias\\Documents\\uc11\\05-sistema-biblioteca-teste-integracao\\src\\biblioteca.service.js","statementMap":{"0":{"start":{"line":1,"column":24},"end":{"line":1,"column":53}},"1":{"start":{"line":5,"column":0},"end":{"line":7,"column":1}},"2":{"start":{"line":6,"column":4},"end":{"line":6,"column":53}},"3":{"start":{"line":9,"column":0},"end":{"line":11,"column":1}},"4":{"start":{"line":10,"column":0},"end":{"line":10,"column":49}},"5":{"start":{"line":12,"column":0},"end":{"line":14,"column":5}},"6":{"start":{"line":13,"column":4},"end":{"line":13,"column":57}},"7":{"start":{"line":15,"column":22},"end":{"line":15,"column":92}},"8":{"start":{"line":16,"column":4},"end":{"line":16,"column":21}},"9":{"start":{"line":19,"column":0},"end":{"line":20,"column":21}}},"fnMap":{"0":{"name":"criarLivro","decl":{"start":{"line":3,"column":9},"end":{"line":3,"column":19}},"loc":{"start":{"line":3,"column":64},"end":{"line":17,"column":1}},"line":3}},"branchMap":{"0":{"loc":{"start":{"line":5,"column":0},"end":{"line":7,"column":1}},"type":"if","locations":[{"start":{"line":5,"column":0},"end":{"line":7,"column":1}},{"start":{},"end":{}}],"line":5},"1":{"loc":{"start":{"line":9,"column":0},"end":{"line":11,"column":1}},"type":"if","locations":[{"start":{"line":9,"column":0},"end":{"line":11,"column":1}},{"start":{},"end":{}}],"line":9},"2":{"loc":{"start":{"line":12,"column":0},"end":{"line":14,"column":5}},"type":"if","locations":[{"start":{"line":12,"column":0},"end":{"line":14,"column":5}},{"start":{},"end":{}}],"line":12}},"s":{"0":1,"1":2,"2":1,"3":1,"4":1,"5":0,"6":0,"7":0,"8":0,"9":1},"f":{"0":2},"b":{"0":[1,1],"1":[1,0],"2":[0,0]},"_coverageSchema":"1a1c01bbd47fc00a2c39e90264f33305004495a9","hash":"79d562be1fa0b64234f0d3b82a17e85a24050faf"}
}
