TN:
SF:src\biblioteca.model.js
FN:17,criarLivro
FN:31,listarTodosLivros
FN:35,buscarLivroPorNome
FN:36,(anonymous_3)
FN:41,buscarLivroPorCategoria
FN:42,(anonymous_5)
FNF:6
FNH:5
FNDA:4,criarLivro
FNDA:0,listarTodosLivros
FNDA:1,buscarLivroPorNome
FNDA:1,(anonymous_3)
FNDA:1,buscarLivroPorCategoria
FNDA:1,(anonymous_5)
DA:1,1
DA:18,4
DA:26,4
DA:28,4
DA:32,0
DA:36,1
DA:38,1
DA:42,1
DA:44,1
DA:47,1
LF:10
LH:9
BRDA:23,0,0,4
BRDA:23,0,1,1
BRF:2
BRH:2
end_of_record
TN:
SF:src\biblioteca.service.js
FN:4,criarLivro
FN:25,listarLivros
FN:29,buscarLivroPorNome
FN:37,buscarLivroPorCategoria
FNF:4
FNH:3
FNDA:9,criarLivro
FNDA:0,listarLivros
FNDA:2,buscarLivroPorNome
FNDA:2,buscarLivroPorCategoria
DA:2,1
DA:6,9
DA:7,1
DA:11,8
DA:12,2
DA:16,6
DA:17,2
DA:20,4
DA:22,4
DA:26,0
DA:30,2
DA:31,1
DA:34,1
DA:38,2
DA:39,1
DA:42,1
DA:45,1
LF:17
LH:16
BRDA:6,0,0,1
BRDA:6,0,1,8
BRDA:11,1,0,2
BRDA:11,1,1,6
BRDA:16,2,0,2
BRDA:16,2,1,4
BRDA:30,3,0,1
BRDA:30,3,1,1
BRDA:38,4,0,1
BRDA:38,4,1,1
BRF:10
BRH:10
end_of_record
