TN:
SF:src\biblioteca.model.js
FN:3,criarLivro
FN:15,listarTodosLivros
FN:19,buscarLivroPorNome
FN:20,(anonymous_3)
FN:26,buscarLivroPorCategoria
FN:27,(anonymous_5)
FNF:6
FNH:0
FNDA:0,criarLivro
FNDA:0,listarTodosLivros
FNDA:0,buscarLivroPorNome
FNDA:0,(anonymous_3)
FNDA:0,buscarLivroPorCategoria
FNDA:0,(anonymous_5)
DA:1,1
DA:4,0
DA:11,0
DA:12,0
DA:16,0
DA:20,0
DA:22,0
DA:27,0
DA:29,0
DA:32,1
LF:10
LH:2
BRDA:9,0,0,0
BRDA:9,0,1,0
BRF:2
BRH:0
end_of_record
TN:
SF:src\biblioteca.service.js
FN:3,criarLivro
FNF:1
FNH:1
FNDA:2,criarLivro
DA:1,1
DA:5,2
DA:6,1
DA:9,1
DA:10,1
DA:12,0
DA:13,0
DA:15,0
DA:16,0
DA:19,1
LF:10
LH:6
BRDA:5,0,0,1
BRDA:5,0,1,1
BRDA:9,1,0,1
BRDA:9,1,1,0
BRDA:12,2,0,0
BRDA:12,2,1,0
BRF:6
BRH:3
end_of_record
